This is pdfTeX, Version 3.141592653-2.6-1.40.24 (MiKTeX 23.1) (preloaded format=pdflatex 2023.4.14)  18 MAY 2023 19:46
entering extended mode
 restricted \write18 enabled.
 file:line:error style messages enabled.
 %&-line parsing enabled.
**c:/Users/uriel/Documents/GitHub/Electricidad-y-Magnetismo/Practica_3/Practica3.tex
(c:/Users/uriel/Documents/GitHub/Electricidad-y-Magnetismo/Practica_3/Practica3.tex
LaTeX2e <2022-11-01> patch level 1
L3 programming layer <2023-03-30> (C:\Users\uriel\AppData\Local\Programs\MiKTeX\tex/latex/base\article.cls
Document Class: article 2022/07/02 v1.4n Standard LaTeX document class
(C:\Users\uriel\AppData\Local\Programs\MiKTeX\tex/latex/base\size10.clo
File: size10.clo 2022/07/02 v1.4n Standard LaTeX file (size option)
)
\c@part=\count185
\c@section=\count186
\c@subsection=\count187
\c@subsubsection=\count188
\c@paragraph=\count189
\c@subparagraph=\count190
\c@figure=\count191
\c@table=\count192
\abovecaptionskip=\skip48
\belowcaptionskip=\skip49
\bibindent=\dimen140
) (C:\Users\uriel\AppData\Local\Programs\MiKTeX\tex/latex/parskip\parskip.sty
Package: parskip 2021-03-14 v2.0h non-zero parskip adjustments
 (C:\Users\uriel\AppData\Local\Programs\MiKTeX\tex/latex/kvoptions\kvoptions.sty
Package: kvoptions 2022-06-15 v3.15 Key value format for package options (HO)
 (C:\Users\uriel\AppData\Local\Programs\MiKTeX\tex/latex/graphics\keyval.sty
Package: keyval 2022/05/29 v1.15 key=value parser (DPC)
\KV@toks@=\toks16
) (C:\Users\uriel\AppData\Local\Programs\MiKTeX\tex/generic/ltxcmds\ltxcmds.sty
Package: ltxcmds 2020-05-10 v1.25 LaTeX kernel commands for general use (HO)
) (C:\Users\uriel\AppData\Local\Programs\MiKTeX\tex/latex/kvsetkeys\kvsetkeys.sty
Package: kvsetkeys 2022-10-05 v1.19 Key value parser (HO)
)) (C:\Users\uriel\AppData\Local\Programs\MiKTeX\tex/latex/etoolbox\etoolbox.sty
Package: etoolbox 2020/10/05 v2.5k e-TeX tools for LaTeX (JAW)
\etb@tempcnta=\count193
)) (C:\Users\uriel\AppData\Local\Programs\MiKTeX\tex/latex/base\inputenc.sty
Package: inputenc 2021/02/14 v1.3d Input encoding file
\inpenc@prehook=\toks17
\inpenc@posthook=\toks18
) (C:\Users\uriel\AppData\Local\Programs\MiKTeX\tex/latex/geometry\geometry.sty
Package: geometry 2020/01/02 v5.9 Page Geometry
 (C:\Users\uriel\AppData\Local\Programs\MiKTeX\tex/generic/iftex\ifvtex.sty
Package: ifvtex 2019/10/25 v1.7 ifvtex legacy package. Use iftex instead.
 (C:\Users\uriel\AppData\Local\Programs\MiKTeX\tex/generic/iftex\iftex.sty
Package: iftex 2022/02/03 v1.0f TeX engine tests
))
\Gm@cnth=\count194
\Gm@cntv=\count195
\c@Gm@tempcnt=\count196
\Gm@bindingoffset=\dimen141
\Gm@wd@mp=\dimen142
\Gm@odd@mp=\dimen143
\Gm@even@mp=\dimen144
\Gm@layoutwidth=\dimen145
\Gm@layoutheight=\dimen146
\Gm@layouthoffset=\dimen147
\Gm@layoutvoffset=\dimen148
\Gm@dimlist=\toks19
 (C:\Users\uriel\AppData\Local\Programs\MiKTeX\tex/latex/geometry\geometry.cfg)) (C:\Users\uriel\AppData\Local\Programs\MiKTeX\tex/generic/babel\babel.sty
Package: babel 2023/03/28 3.87 The Babel package
\babel@savecnt=\count197
\U@D=\dimen149
\l@unhyphenated=\language79
 (C:\Users\uriel\AppData\Local\Programs\MiKTeX\tex/generic/babel\txtbabel.def)
\bbl@readstream=\read2
\bbl@dirlevel=\count198

*************************************
* Local config file bblopts.cfg used
*
(C:\Users\uriel\AppData\Local\Programs\MiKTeX\tex/latex/arabi\bblopts.cfg
File: bblopts.cfg 2005/09/08 v0.1 add Arabic and Farsi to "declared" options of babel
) (C:\Users\uriel\AppData\Local\Programs\MiKTeX\tex/latex/babel-spanish\spanish.ldf
Language: spanish.ldf 2021/05/27 v5.0q Spanish support from the babel system
\es@quottoks=\toks20
\es@quotdepth=\count199
Package babel Info: Making " an active character on input line 570.
Package babel Info: Making . an active character on input line 675.
Package babel Info: Making < an active character on input line 722.
Package babel Info: Making > an active character on input line 722.
)) (C:\Users\uriel\AppData\Local\Programs\MiKTeX\tex/generic/babel/locale/es\babel-spanish.tex
Package babel Info: Importing font and identification data for spanish
(babel)             from babel-es.ini. Reported on input line 11.
) (C:\Users\uriel\AppData\Local\Programs\MiKTeX\tex/latex/graphics\graphicx.sty
Package: graphicx 2021/09/16 v1.2d Enhanced LaTeX Graphics (DPC,SPQR)
 (C:\Users\uriel\AppData\Local\Programs\MiKTeX\tex/latex/graphics\graphics.sty
Package: graphics 2022/03/10 v1.4e Standard LaTeX Graphics (DPC,SPQR)
 (C:\Users\uriel\AppData\Local\Programs\MiKTeX\tex/latex/graphics\trig.sty
Package: trig 2021/08/11 v1.11 sin cos tan (DPC)
) (C:\Users\uriel\AppData\Local\Programs\MiKTeX\tex/latex/graphics-cfg\graphics.cfg
File: graphics.cfg 2016/06/04 v1.11 sample graphics configuration
)
Package graphics Info: Driver file: pdftex.def on input line 107.
 (C:\Users\uriel\AppData\Local\Programs\MiKTeX\tex/latex/graphics-def\pdftex.def
File: pdftex.def 2022/09/22 v1.2b Graphics/color driver for pdftex
))
\Gin@req@height=\dimen150
\Gin@req@width=\dimen151
) (C:\Users\uriel\AppData\Local\Programs\MiKTeX\tex/latex/subfig\subfig.sty
Package: subfig 2005/06/28 ver: 1.3 subfig package
 (C:\Users\uriel\AppData\Local\Programs\MiKTeX\tex/latex/caption\caption.sty
Package: caption 2023/03/12 v3.6j Customizing captions (AR)
 (C:\Users\uriel\AppData\Local\Programs\MiKTeX\tex/latex/caption\caption3.sty
Package: caption3 2023/03/12 v2.4 caption3 kernel (AR)
\caption@tempdima=\dimen152
\captionmargin=\dimen153
\caption@leftmargin=\dimen154
\caption@rightmargin=\dimen155
\caption@width=\dimen156
\caption@indent=\dimen157
\caption@parindent=\dimen158
\caption@hangindent=\dimen159
Package caption Info: Standard document class detected.
)
\c@caption@flags=\count266
\c@continuedfloat=\count267
)
\c@KVtest=\count268
\sf@farskip=\skip50
\sf@captopadj=\dimen160
\sf@capskip=\skip51
\sf@nearskip=\skip52
\c@subfigure=\count269
\c@subfigure@save=\count270
\c@lofdepth=\count271
\c@subtable=\count272
\c@subtable@save=\count273
\c@lotdepth=\count274
\sf@top=\skip53
\sf@bottom=\skip54
) (C:\Users\uriel\AppData\Local\Programs\MiKTeX\tex/latex/fancyhdr\fancyhdr.sty
Package: fancyhdr 2022/11/09 v4.1 Extensive control of page headers and footers
\f@nch@headwidth=\skip55
\f@nch@O@elh=\skip56
\f@nch@O@erh=\skip57
\f@nch@O@olh=\skip58
\f@nch@O@orh=\skip59
\f@nch@O@elf=\skip60
\f@nch@O@erf=\skip61
\f@nch@O@olf=\skip62
\f@nch@O@orf=\skip63
) (C:\Users\uriel\AppData\Local\Programs\MiKTeX\tex/latex/tools\enumerate.sty
Package: enumerate 2015/07/23 v3.00 enumerate extensions (DPC)
\@enLab=\toks21
) (C:\Users\uriel\AppData\Local\Programs\MiKTeX\tex/latex/tools\multicol.sty
Package: multicol 2021/11/30 v1.9d multicolumn formatting (FMi)
\c@tracingmulticols=\count275
\mult@box=\box51
\multicol@leftmargin=\dimen161
\c@unbalance=\count276
\c@collectmore=\count277
\doublecol@number=\count278
\multicoltolerance=\count279
\multicolpretolerance=\count280
\full@width=\dimen162
\page@free=\dimen163
\premulticols=\dimen164
\postmulticols=\dimen165
\multicolsep=\skip64
\multicolbaselineskip=\skip65
\partial@page=\box52
\last@line=\box53
\maxbalancingoverflow=\dimen166
\mult@rightbox=\box54
\mult@grightbox=\box55
\mult@firstbox=\box56
\mult@gfirstbox=\box57
\@tempa=\box58
\@tempa=\box59
\@tempa=\box60
\@tempa=\box61
\@tempa=\box62
\@tempa=\box63
\@tempa=\box64
\@tempa=\box65
\@tempa=\box66
\@tempa=\box67
\@tempa=\box68
\@tempa=\box69
\@tempa=\box70
\@tempa=\box71
\@tempa=\box72
\@tempa=\box73
\@tempa=\box74
\@tempa=\box75
\@tempa=\box76
\@tempa=\box77
\@tempa=\box78
\@tempa=\box79
\@tempa=\box80
\@tempa=\box81
\@tempa=\box82
\@tempa=\box83
\@tempa=\box84
\@tempa=\box85
\@tempa=\box86
\@tempa=\box87
\@tempa=\box88
\@tempa=\box89
\@tempa=\box90
\@tempa=\box91
\@tempa=\box92
\@tempa=\box93
\c@minrows=\count281
\c@columnbadness=\count282
\c@finalcolumnbadness=\count283
\last@try=\dimen167
\multicolovershoot=\dimen168
\multicolundershoot=\dimen169
\mult@nat@firstbox=\box94
\colbreak@box=\box95
\mc@col@check@num=\count284
) (C:\Users\uriel\AppData\Local\Programs\MiKTeX\tex/latex/l3backend\l3backend-pdftex.def
File: l3backend-pdftex.def 2023-03-30 L3 backend support: PDF output (pdfTeX)
\l__color_backend_stack_int=\count285
\l__pdf_internal_box=\box96
) (Practica3.aux
LaTeX Info: Redefining \. on input line 8.
LaTeX Info: Redefining \% on input line 8.


LaTeX Warning: Label `citekey' multiply defined.


LaTeX Warning: Label `citekey' multiply defined.

)
\openout1 = `Practica3.aux'.

LaTeX Font Info:    Checking defaults for OML/cmm/m/it on input line 11.
LaTeX Font Info:    ... okay on input line 11.
LaTeX Font Info:    Checking defaults for OMS/cmsy/m/n on input line 11.
LaTeX Font Info:    ... okay on input line 11.
LaTeX Font Info:    Checking defaults for OT1/cmr/m/n on input line 11.
LaTeX Font Info:    ... okay on input line 11.
LaTeX Font Info:    Checking defaults for T1/cmr/m/n on input line 11.
LaTeX Font Info:    ... okay on input line 11.
LaTeX Font Info:    Checking defaults for TS1/cmr/m/n on input line 11.
LaTeX Font Info:    ... okay on input line 11.
LaTeX Font Info:    Checking defaults for OMX/cmex/m/n on input line 11.
LaTeX Font Info:    ... okay on input line 11.
LaTeX Font Info:    Checking defaults for U/cmr/m/n on input line 11.
LaTeX Font Info:    ... okay on input line 11.

*geometry* driver: auto-detecting
*geometry* detected driver: pdftex
*geometry* verbose mode - [ preamble ] result:
* driver: pdftex
* paper: <default>
* layout: <same size as paper>
* layoutoffset:(h,v)=(0.0pt,0.0pt)
* modes: 
* h-part:(L,W,R)=(56.9055pt, 500.484pt, 56.9055pt)
* v-part:(T,H,B)=(56.9055pt, 681.15898pt, 56.9055pt)
* \paperwidth=614.295pt
* \paperheight=794.96999pt
* \textwidth=500.484pt
* \textheight=681.15898pt
* \oddsidemargin=-15.36449pt
* \evensidemargin=-15.36449pt
* \topmargin=-52.36449pt
* \headheight=12.0pt
* \headsep=25.0pt
* \topskip=10.0pt
* \footskip=30.0pt
* \marginparwidth=65.0pt
* \marginparsep=11.0pt
* \columnsep=10.0pt
* \skip\footins=9.0pt plus 4.0pt minus 2.0pt
* \hoffset=0.0pt
* \voffset=0.0pt
* \mag=1000
* \@twocolumnfalse
* \@twosidefalse
* \@mparswitchfalse
* \@reversemarginfalse
* (1in=72.27pt=25.4mm, 1cm=28.453pt)

LaTeX Info: Redefining \. on input line 11.
LaTeX Info: Redefining \% on input line 11.
(C:\Users\uriel\AppData\Local\Programs\MiKTeX\tex/context/base/mkii\supp-pdf.mkii
[Loading MPS to PDF converter (version 2006.09.02).]
\scratchcounter=\count286
\scratchdimen=\dimen170
\scratchbox=\box97
\nofMPsegments=\count287
\nofMParguments=\count288
\everyMPshowfont=\toks22
\MPscratchCnt=\count289
\MPscratchDim=\dimen171
\MPnumerator=\count290
\makeMPintoPDFobject=\count291
\everyMPtoPDFconversion=\toks23
) (C:\Users\uriel\AppData\Local\Programs\MiKTeX\tex/latex/epstopdf-pkg\epstopdf-base.sty
Package: epstopdf-base 2020-01-24 v2.11 Base part for package epstopdf
Package epstopdf-base Info: Redefining graphics rule for `.eps' on input line 485.
 (C:\Users\uriel\AppData\Local\Programs\MiKTeX\tex/latex/00miktex\epstopdf-sys.cfg
File: epstopdf-sys.cfg 2021/03/18 v2.0 Configuration of epstopdf for MiKTeX
))
Package caption Info: Begin \AtBeginDocument code.
Package caption Info: subfig package v1.3 is loaded.
Package caption Info: End \AtBeginDocument code.
*geometry* verbose mode - [ newgeometry ] result:
* driver: pdftex
* paper: <default>
* layout: <same size as paper>
* layoutoffset:(h,v)=(0.0pt,0.0pt)
* modes: 
* h-part:(L,W,R)=(71.13188pt, 472.03123pt, 71.13188pt)
* v-part:(T,H,B)=(14.22636pt, 695.38536pt, 85.35826pt)
* \paperwidth=614.295pt
* \paperheight=794.96999pt
* \textwidth=472.03123pt
* \textheight=695.38536pt
* \oddsidemargin=-1.1381pt
* \evensidemargin=-1.1381pt
* \topmargin=-83.04362pt
* \headheight=0.0pt
* \headsep=25.0pt
* \topskip=10.0pt
* \footskip=30.0pt
* \marginparwidth=65.0pt
* \marginparsep=11.0pt
* \columnsep=10.0pt
* \skip\footins=9.0pt plus 4.0pt minus 2.0pt
* \hoffset=0.0pt
* \voffset=0.0pt
* \mag=1000
* \@twocolumnfalse
* \@twosidefalse
* \@mparswitchfalse
* \@reversemarginfalse
* (1in=72.27pt=25.4mm, 1cm=28.453pt)

<Imagenes//Logo_IPN.png, id=1, 587.94656pt x 836.3747pt>
File: Imagenes//Logo_IPN.png Graphic file (type png)
<use Imagenes//Logo_IPN.png>
Package pdftex.def Info: Imagenes//Logo_IPN.png  used on input line 33.
(pdftex.def)             Requested size: 70.8018pt x 100.71797pt.
<Imagenes//LogoEsime.png, id=3, 348.55219pt x 310.91156pt>
File: Imagenes//LogoEsime.png Graphic file (type png)
<use Imagenes//LogoEsime.png>
Package pdftex.def Info: Imagenes//LogoEsime.png  used on input line 35.
(pdftex.def)             Requested size: 103.84744pt x 92.63371pt.
 [1


{C:/Users/uriel/AppData/Local/MiKTeX/fonts/map/pdftex/pdftex.map} <./Imagenes//Logo_IPN.png> <./Imagenes//LogoEsime.png>] (Practica3.toc
LaTeX Info: Redefining \. on input line 1.
LaTeX Info: Redefining \% on input line 1.
LaTeX Font Info:    External font `cmex10' loaded for size
(Font)              <7> on input line 6.
LaTeX Font Info:    External font `cmex10' loaded for size
(Font)              <5> on input line 6.
)
\tf@toc=\write3
\openout3 = `Practica3.toc'.

 [1]
<Imagenes/Marco/Multimetro.PNG, id=19, 310.91156pt x 409.53pt>
File: Imagenes/Marco/Multimetro.PNG Graphic file (type png)
<use Imagenes/Marco/Multimetro.PNG>
Package pdftex.def Info: Imagenes/Marco/Multimetro.PNG  used on input line 89.
(pdftex.def)             Requested size: 155.45538pt x 204.7645pt.
 [2 <./Imagenes/Marco/Multimetro.PNG>]
<Imagenes/Material/MultiD.jpeg, id=25, 1204.5pt x 1606.0pt>
File: Imagenes/Material/MultiD.jpeg Graphic file (type jpg)
<use Imagenes/Material/MultiD.jpeg>
Package pdftex.def Info: Imagenes/Material/MultiD.jpeg  used on input line 178.
(pdftex.def)             Requested size: 120.45705pt x 160.6094pt.
 [3]
<Imagenes/Material/MultiA.jpeg, id=31, 1204.5pt x 1606.0pt>
File: Imagenes/Material/MultiA.jpeg Graphic file (type jpg)
<use Imagenes/Material/MultiA.jpeg>
Package pdftex.def Info: Imagenes/Material/MultiA.jpeg  used on input line 181.
(pdftex.def)             Requested size: 120.45705pt x 160.6094pt.
<Imagenes/Material/Puntas.jpeg, id=32, 1606.0pt x 1204.5pt>
File: Imagenes/Material/Puntas.jpeg Graphic file (type jpg)
<use Imagenes/Material/Puntas.jpeg>
Package pdftex.def Info: Imagenes/Material/Puntas.jpeg  used on input line 184.
(pdftex.def)             Requested size: 160.6094pt x 120.45705pt.
<Imagenes/Material/PilaD.jpeg, id=33, 1204.5pt x 1606.0pt>
File: Imagenes/Material/PilaD.jpeg Graphic file (type jpg)
<use Imagenes/Material/PilaD.jpeg>
Package pdftex.def Info: Imagenes/Material/PilaD.jpeg  used on input line 187.
(pdftex.def)             Requested size: 120.45705pt x 160.6094pt.
<Imagenes/Material/PilaDes.jpeg, id=34, 1204.5pt x 1606.0pt>
File: Imagenes/Material/PilaDes.jpeg Graphic file (type jpg)
<use Imagenes/Material/PilaDes.jpeg>
Package pdftex.def Info: Imagenes/Material/PilaDes.jpeg  used on input line 190.
(pdftex.def)             Requested size: 120.45705pt x 160.6094pt.
<Imagenes/Material/Protoboard y jumper.jpeg, id=35, 1204.5pt x 1606.0pt>
File: Imagenes/Material/Protoboard y jumper.jpeg Graphic file (type jpg)
<use Imagenes/Material/Protoboard y jumper.jpeg>
Package pdftex.def Info: Imagenes/Material/Protoboard y jumper.jpeg  used on input line 193.
(pdftex.def)             Requested size: 120.45705pt x 160.6094pt.
<Imagenes/Material/Caimanban.jpeg, id=36, 1204.5pt x 1606.0pt>
File: Imagenes/Material/Caimanban.jpeg Graphic file (type jpg)
<use Imagenes/Material/Caimanban.jpeg>
Package pdftex.def Info: Imagenes/Material/Caimanban.jpeg  used on input line 196.
(pdftex.def)             Requested size: 120.45705pt x 160.6094pt.
LaTeX Font Info:    Trying to load font information for U+lasy on input line 197.
 (C:\Users\uriel\AppData\Local\Programs\MiKTeX\tex/latex/base\ulasy.fd
File: ulasy.fd 1998/08/17 v2.2e LaTeX symbol font definitions
)
<Imagenes/Material/banban.jpeg, id=37, 1204.5pt x 1606.0pt>
File: Imagenes/Material/banban.jpeg Graphic file (type jpg)
<use Imagenes/Material/banban.jpeg>
Package pdftex.def Info: Imagenes/Material/banban.jpeg  used on input line 199.
(pdftex.def)             Requested size: 120.45705pt x 160.6094pt.
 [4 <./Imagenes/Material/MultiD.jpeg> <./Imagenes/Material/MultiA.jpeg> <./Imagenes/Material/Puntas.jpeg> <./Imagenes/Material/PilaD.jpeg> <./Imagenes/Material/PilaDes.jpeg> <./Imagenes/Material/Protoboard y jumper.jpeg>]
<Imagenes/Material/FuenteVariable.jpeg, id=41, 1606.0pt x 1204.5pt>
File: Imagenes/Material/FuenteVariable.jpeg Graphic file (type jpg)
<use Imagenes/Material/FuenteVariable.jpeg>
Package pdftex.def Info: Imagenes/Material/FuenteVariable.jpeg  used on input line 202.
(pdftex.def)             Requested size: 160.6094pt x 120.45705pt.
<Imagenes/Material/Resistencias.jpeg, id=42, 154.32657pt x 204.01219pt>
File: Imagenes/Material/Resistencias.jpeg Graphic file (type jpg)
<use Imagenes/Material/Resistencias.jpeg>
Package pdftex.def Info: Imagenes/Material/Resistencias.jpeg  used on input line 205.
(pdftex.def)             Requested size: 154.32617pt x 204.01169pt.

Underfull \hbox (badness 10000) in paragraph at lines 252--253

 []

[5 <./Imagenes/Material/Caimanban.jpeg> <./Imagenes/Material/banban.jpeg> <./Imagenes/Material/FuenteVariable.jpeg> <./Imagenes/Material/Resistencias.jpeg>]
<Imagenes/Fotos/Contacto.png, id=47, 133.6995pt x 80.2197pt>
File: Imagenes/Fotos/Contacto.png Graphic file (type png)
<use Imagenes/Fotos/Contacto.png>
Package pdftex.def Info: Imagenes/Fotos/Contacto.png  used on input line 254.
(pdftex.def)             Requested size: 133.69916pt x 80.2195pt.

Underfull \hbox (badness 10000) in paragraph at lines 262--263

 []

<Imagenes/Fotos/Circuito.png, id=48, 209.22165pt x 69.01785pt>
File: Imagenes/Fotos/Circuito.png Graphic file (type png)
<use Imagenes/Fotos/Circuito.png>
Package pdftex.def Info: Imagenes/Fotos/Circuito.png  used on input line 264.
(pdftex.def)             Requested size: 209.22113pt x 69.01767pt.
[6 <./Imagenes/Fotos/Contacto.png> <./Imagenes/Fotos/Circuito.png>] (Practica3.aux
LaTeX Info: Redefining \. on input line 8.
LaTeX Info: Redefining \% on input line 8.
)

LaTeX Warning: There were multiply-defined labels.

 ) 
Here is how much of TeX's memory you used:
 6041 strings out of 476326
 106529 string characters out of 5787722
 1869660 words of memory out of 5000000
 26414 multiletter control sequences out of 15000+600000
 515814 words of font info for 44 fonts, out of 8000000 for 9000
 1141 hyphenation exceptions out of 8191
 69i,13n,79p,598b,482s stack positions out of 10000i,1000n,20000p,200000b,200000s
<C:/Users/uriel/AppData/Local/Programs/MiKTeX/fonts/type1/public/amsfonts/cm/cmbx10.pfb><C:/Users/uriel/AppData/Local/Programs/MiKTeX/fonts/type1/public/amsfonts/cm/cmbx12.pfb><C:/Users/uriel/AppData/Local/Programs/MiKTeX/fonts/type1/public/amsfonts/cm/cmcsc10.pfb><C:/Users/uriel/AppData/Local/Programs/MiKTeX/fonts/type1/public/amsfonts/cm/cmmi10.pfb><C:/Users/uriel/AppData/Local/Programs/MiKTeX/fonts/type1/public/amsfonts/cm/cmr10.pfb><C:/Users/uriel/AppData/Local/Programs/MiKTeX/fonts/type1/public/amsfonts/cm/cmr12.pfb><C:/Users/uriel/AppData/Local/Programs/MiKTeX/fonts/type1/public/amsfonts/cm/cmr5.pfb><C:/Users/uriel/AppData/Local/Programs/MiKTeX/fonts/type1/public/amsfonts/cm/cmr7.pfb><C:/Users/uriel/AppData/Local/Programs/MiKTeX/fonts/type1/public/amsfonts/cm/cmti12.pfb><C:/Users/uriel/AppData/Local/Programs/MiKTeX/fonts/type1/public/amsfonts/latxfont/lasy10.pfb>
Output written on Practica3.pdf (7 pages, 2232293 bytes).
PDF statistics:
 95 PDF objects out of 1000 (max. 8388607)
 0 named destinations out of 1000 (max. 500000)
 76 words of extra memory for PDF output out of 10000 (max. 10000000)

