This is pdfTeX, Version 3.141592653-2.6-1.40.24 (MiKTeX 23.1) (preloaded format=pdflatex 2023.4.14)  14 APR 2023 21:24
entering extended mode
 restricted \write18 enabled.
 %&-line parsing enabled.
**./document.tex
(document.tex
LaTeX2e <2022-11-01> patch level 1
L3 programming layer <2023-03-30>
(C:\Users\uriel\AppData\Local\Programs\MiKTeX\tex/latex/base\article.cls
Document Class: article 2022/07/02 v1.4n Standard LaTeX document class
(C:\Users\uriel\AppData\Local\Programs\MiKTeX\tex/latex/base\leqno.clo
File: leqno.clo 2016/12/29 v1.2b Standard LaTeX option (left equation numbers)
)
(C:\Users\uriel\AppData\Local\Programs\MiKTeX\tex/latex/base\fleqn.clo
File: fleqn.clo 2016/12/29 v1.2b Standard LaTeX option (flush left equations)
\mathindent=\skip48
Applying: [2015/01/01] Make \[ robust on input line 50.
LaTeX Info: Redefining \[ on input line 51.
Already applied: [0000/00/00] Make \[ robust on input line 62.
Applying: [2015/01/01] Make \] robust on input line 74.
LaTeX Info: Redefining \] on input line 75.
Already applied: [0000/00/00] Make \] robust on input line 83.
)
(C:\Users\uriel\AppData\Local\Programs\MiKTeX\tex/latex/base\size10.clo
File: size10.clo 2022/07/02 v1.4n Standard LaTeX file (size option)
)
\c@part=\count185
\c@section=\count186
\c@subsection=\count187
\c@subsubsection=\count188
\c@paragraph=\count189
\c@subparagraph=\count190
\c@figure=\count191
\c@table=\count192
\abovecaptionskip=\skip49
\belowcaptionskip=\skip50
\bibindent=\dimen140
)
(C:\Users\uriel\AppData\Local\Programs\MiKTeX\tex/latex/base\inputenc.sty
Package: inputenc 2021/02/14 v1.3d Input encoding file
\inpenc@prehook=\toks16
\inpenc@posthook=\toks17
)
(C:\Users\uriel\AppData\Local\Programs\MiKTeX\tex/latex/base\fontenc.sty
Package: fontenc 2021/04/29 v2.0v Standard LaTeX package
)
(C:\Users\uriel\AppData\Local\Programs\MiKTeX\tex/latex/geometry\geometry.sty
Package: geometry 2020/01/02 v5.9 Page Geometry

(C:\Users\uriel\AppData\Local\Programs\MiKTeX\tex/latex/graphics\keyval.sty
Package: keyval 2022/05/29 v1.15 key=value parser (DPC)
\KV@toks@=\toks18
)
(C:\Users\uriel\AppData\Local\Programs\MiKTeX\tex/generic/iftex\ifvtex.sty
Package: ifvtex 2019/10/25 v1.7 ifvtex legacy package. Use iftex instead.

(C:\Users\uriel\AppData\Local\Programs\MiKTeX\tex/generic/iftex\iftex.sty
Package: iftex 2022/02/03 v1.0f TeX engine tests
))
\Gm@cnth=\count193
\Gm@cntv=\count194
\c@Gm@tempcnt=\count195
\Gm@bindingoffset=\dimen141
\Gm@wd@mp=\dimen142
\Gm@odd@mp=\dimen143
\Gm@even@mp=\dimen144
\Gm@layoutwidth=\dimen145
\Gm@layoutheight=\dimen146
\Gm@layouthoffset=\dimen147
\Gm@layoutvoffset=\dimen148
\Gm@dimlist=\toks19

(C:\Users\uriel\AppData\Local\Programs\MiKTeX\tex/latex/geometry\geometry.cfg))
(C:\Users\uriel\AppData\Local\Programs\MiKTeX\tex/generic/babel\babel.sty
Package: babel 2023/03/28 3.87 The Babel package
\babel@savecnt=\count196
\U@D=\dimen149
\l@unhyphenated=\language79

(C:\Users\uriel\AppData\Local\Programs\MiKTeX\tex/generic/babel\txtbabel.def)
\bbl@readstream=\read2
\bbl@dirlevel=\count197

*************************************
* Local config file bblopts.cfg used
*
(C:\Users\uriel\AppData\Local\Programs\MiKTeX\tex/latex/arabi\bblopts.cfg
File: bblopts.cfg 2005/09/08 v0.1 add Arabic and Farsi to "declared" options of
 babel
)
(C:\Users\uriel\AppData\Local\Programs\MiKTeX\tex/latex/babel-spanish\spanish.l
df
Language: spanish.ldf 2021/05/27 v5.0q Spanish support from the babel system
\es@quottoks=\toks20
\es@quotdepth=\count198
Package babel Info: Making " an active character on input line 570.
Package babel Info: Making . an active character on input line 675.
Package babel Info: Making < an active character on input line 722.
Package babel Info: Making > an active character on input line 722.
))
(C:\Users\uriel\AppData\Local\Programs\MiKTeX\tex/generic/babel/locale/es\babel
-spanish.tex
Package babel Info: Importing font and identification data for spanish
(babel)             from babel-es.ini. Reported on input line 11.
)
(C:\Users\uriel\AppData\Local\Programs\MiKTeX\tex/latex/graphics\graphicx.sty
Package: graphicx 2021/09/16 v1.2d Enhanced LaTeX Graphics (DPC,SPQR)

(C:\Users\uriel\AppData\Local\Programs\MiKTeX\tex/latex/graphics\graphics.sty
Package: graphics 2022/03/10 v1.4e Standard LaTeX Graphics (DPC,SPQR)

(C:\Users\uriel\AppData\Local\Programs\MiKTeX\tex/latex/graphics\trig.sty
Package: trig 2021/08/11 v1.11 sin cos tan (DPC)
)
(C:\Users\uriel\AppData\Local\Programs\MiKTeX\tex/latex/graphics-cfg\graphics.c
fg
File: graphics.cfg 2016/06/04 v1.11 sample graphics configuration
)
Package graphics Info: Driver file: pdftex.def on input line 107.

(C:\Users\uriel\AppData\Local\Programs\MiKTeX\tex/latex/graphics-def\pdftex.def
File: pdftex.def 2022/09/22 v1.2b Graphics/color driver for pdftex
))
\Gin@req@height=\dimen150
\Gin@req@width=\dimen151
)
(C:\Users\uriel\AppData\Local\Programs\MiKTeX\tex/latex/l3backend\l3backend-pdf
tex.def
File: l3backend-pdftex.def 2023-03-30 L3 backend support: PDF output (pdfTeX)
\l__color_backend_stack_int=\count199
\l__pdf_internal_box=\box51
) (document.aux
LaTeX Info: Redefining \. on input line 8.
LaTeX Info: Redefining \% on input line 8.
)
\openout1 = `document.aux'.

LaTeX Font Info:    Checking defaults for OML/cmm/m/it on input line 10.
LaTeX Font Info:    ... okay on input line 10.
LaTeX Font Info:    Checking defaults for OMS/cmsy/m/n on input line 10.
LaTeX Font Info:    ... okay on input line 10.
LaTeX Font Info:    Checking defaults for OT1/cmr/m/n on input line 10.
LaTeX Font Info:    ... okay on input line 10.
LaTeX Font Info:    Checking defaults for T1/cmr/m/n on input line 10.
LaTeX Font Info:    ... okay on input line 10.
LaTeX Font Info:    Checking defaults for TS1/cmr/m/n on input line 10.
LaTeX Font Info:    ... okay on input line 10.
LaTeX Font Info:    Checking defaults for OMX/cmex/m/n on input line 10.
LaTeX Font Info:    ... okay on input line 10.
LaTeX Font Info:    Checking defaults for U/cmr/m/n on input line 10.
LaTeX Font Info:    ... okay on input line 10.

*geometry* driver: auto-detecting
*geometry* detected driver: pdftex
*geometry* verbose mode - [ preamble ] result:
* driver: pdftex
* paper: a4paper
* layout: <same size as paper>
* layoutoffset:(h,v)=(0.0pt,0.0pt)
* modes: 
* h-part:(L,W,R)=(56.9055pt, 483.69687pt, 56.9055pt)
* v-part:(T,H,B)=(56.9055pt, 731.23584pt, 56.9055pt)
* \paperwidth=597.50787pt
* \paperheight=845.04684pt
* \textwidth=483.69687pt
* \textheight=731.23584pt
* \oddsidemargin=-15.36449pt
* \evensidemargin=-15.36449pt
* \topmargin=-52.36449pt
* \headheight=12.0pt
* \headsep=25.0pt
* \topskip=10.0pt
* \footskip=30.0pt
* \marginparwidth=57.0pt
* \marginparsep=11.0pt
* \columnsep=10.0pt
* \skip\footins=9.0pt plus 4.0pt minus 2.0pt
* \hoffset=0.0pt
* \voffset=0.0pt
* \mag=1000
* \@twocolumnfalse
* \@twosidefalse
* \@mparswitchfalse
* \@reversemarginfalse
* (1in=72.27pt=25.4mm, 1cm=28.453pt)

LaTeX Info: Redefining \. on input line 10.
LaTeX Info: Redefining \% on input line 10.

(C:\Users\uriel\AppData\Local\Programs\MiKTeX\tex/context/base/mkii\supp-pdf.mk
ii
[Loading MPS to PDF converter (version 2006.09.02).]
\scratchcounter=\count266
\scratchdimen=\dimen152
\scratchbox=\box52
\nofMPsegments=\count267
\nofMParguments=\count268
\everyMPshowfont=\toks21
\MPscratchCnt=\count269
\MPscratchDim=\dimen153
\MPnumerator=\count270
\makeMPintoPDFobject=\count271
\everyMPtoPDFconversion=\toks22
)
(C:\Users\uriel\AppData\Local\Programs\MiKTeX\tex/latex/epstopdf-pkg\epstopdf-b
ase.sty
Package: epstopdf-base 2020-01-24 v2.11 Base part for package epstopdf
Package epstopdf-base Info: Redefining graphics rule for `.eps' on input line 4
85.

(C:\Users\uriel\AppData\Local\Programs\MiKTeX\tex/latex/00miktex\epstopdf-sys.c
fg
File: epstopdf-sys.cfg 2021/03/18 v2.0 Configuration of epstopdf for MiKTeX
))
LaTeX Font Info:    External font `cmex10' loaded for size
(Font)              <12> on input line 12.
LaTeX Font Info:    External font `cmex10' loaded for size
(Font)              <8> on input line 12.
LaTeX Font Info:    External font `cmex10' loaded for size
(Font)              <6> on input line 12.
<Fotos//Generador 2.jpeg, id=1, 1284.8pt x 963.6pt>
File: Fotos//Generador 2.jpeg Graphic file (type jpg)
<use Fotos//Generador 2.jpeg>
Package pdftex.def Info: Fotos//Generador 2.jpeg  used on input line 23.
(pdftex.def)             Requested size: 256.95544pt x 192.71658pt.
 [1

{C:/Users/uriel/AppData/Local/MiKTeX/fonts/map/pdftex/pdftex.map} <./Fotos//Gen
erador 2.jpeg>]
<Fotos//Lenteja y anillo 1.jpeg, id=10, 1204.5pt x 1606.0pt>
File: Fotos//Lenteja y anillo 1.jpeg Graphic file (type jpg)
<use Fotos//Lenteja y anillo 1.jpeg>
Package pdftex.def Info: Fotos//Lenteja y anillo 1.jpeg  used on input line 40.

(pdftex.def)             Requested size: 180.6672pt x 240.8896pt.
<Fotos//Lenteja y anillo 2.1.jpeg, id=11, 963.6pt x 1284.8pt>
File: Fotos//Lenteja y anillo 2.1.jpeg Graphic file (type jpg)
<use Fotos//Lenteja y anillo 2.1.jpeg>
Package pdftex.def Info: Fotos//Lenteja y anillo 2.1.jpeg  used on input line 4
8.
(pdftex.def)             Requested size: 192.71658pt x 256.95544pt.
 [2 <./Fotos//Lenteja y anillo 1.jpeg> <./Fotos//Lenteja y anillo 2.1.jpeg>]
<Fotos//Lenteja y anillo 2.jpeg, id=16, 963.6pt x 1284.8pt>
File: Fotos//Lenteja y anillo 2.jpeg Graphic file (type jpg)
<use Fotos//Lenteja y anillo 2.jpeg>
Package pdftex.def Info: Fotos//Lenteja y anillo 2.jpeg  used on input line 58.

(pdftex.def)             Requested size: 192.71658pt x 256.95544pt.
<Dibujos//a1.png, id=17, 374.90062pt x 353.06906pt>
File: Dibujos//a1.png Graphic file (type png)
<use Dibujos//a1.png>
Package pdftex.def Info: Dibujos//a1.png  used on input line 69.
(pdftex.def)             Requested size: 187.44984pt x 176.53409pt.
<Dibujos//a2.png, id=19, 377.91188pt x 356.0803pt>
File: Dibujos//a2.png Graphic file (type png)
<use Dibujos//a2.png>
Package pdftex.def Info: Dibujos//a2.png  used on input line 70.
(pdftex.def)             Requested size: 188.95547pt x 178.03972pt.
 [3 <./Fotos//Lenteja y anillo 2.jpeg> <./Dibujos//a1.png> <./Dibujos//a2.png>]
<Fotos//Dos cargas Dif 1.jpeg, id=25, 963.6pt x 1284.8pt>
File: Fotos//Dos cargas Dif 1.jpeg Graphic file (type jpg)
<use Fotos//Dos cargas Dif 1.jpeg>
Package pdftex.def Info: Fotos//Dos cargas Dif 1.jpeg  used on input line 79.
(pdftex.def)             Requested size: 192.71658pt x 256.95544pt.
<Fotos//Dos cargas Dif 2.jpeg, id=26, 963.6pt x 1284.8pt>
File: Fotos//Dos cargas Dif 2.jpeg Graphic file (type jpg)
<use Fotos//Dos cargas Dif 2.jpeg>
Package pdftex.def Info: Fotos//Dos cargas Dif 2.jpeg  used on input line 85.
(pdftex.def)             Requested size: 192.71658pt x 256.95544pt.
<Dibujos//b.png, id=27, 318.43968pt x 214.55156pt>
File: Dibujos//b.png Graphic file (type png)
<use Dibujos//b.png>
Package pdftex.def Info: Dibujos//b.png  used on input line 94.
(pdftex.def)             Requested size: 159.21945pt x 107.27551pt.


LaTeX Warning: `!h' float specifier changed to `!ht'.

[4 <./Fotos//Dos cargas Dif 1.jpeg> <./Fotos//Dos cargas Dif 2.jpeg>]
<Fotos//Dos cargas Ig 1.jpeg, id=31, 721.94719pt x 654.94687pt>
File: Fotos//Dos cargas Ig 1.jpeg Graphic file (type jpg)
<use Fotos//Dos cargas Ig 1.jpeg>
Package pdftex.def Info: Fotos//Dos cargas Ig 1.jpeg  used on input line 104.
(pdftex.def)             Requested size: 216.58582pt x 196.48558pt.
<Fotos//Dos cargas Ig 2.jpeg, id=32, 963.6pt x 722.7pt>
File: Fotos//Dos cargas Ig 2.jpeg Graphic file (type jpg)
<use Fotos//Dos cargas Ig 2.jpeg>
Package pdftex.def Info: Fotos//Dos cargas Ig 2.jpeg  used on input line 111.
(pdftex.def)             Requested size: 289.08223pt x 216.81166pt.
<Dibujos//c.png, id=33, 322.95656pt x 231.86626pt>
File: Dibujos//c.png Graphic file (type png)
<use Dibujos//c.png>
Package pdftex.def Info: Dibujos//c.png  used on input line 120.
(pdftex.def)             Requested size: 161.47787pt x 115.93283pt.
<Fotos//Dos placas 1.jpeg, id=34, 1284.8pt x 963.6pt>
File: Fotos//Dos placas 1.jpeg Graphic file (type jpg)
<use Fotos//Dos placas 1.jpeg>
Package pdftex.def Info: Fotos//Dos placas 1.jpeg  used on input line 128.
(pdftex.def)             Requested size: 256.95544pt x 192.71658pt.
 [5 <./Dibujos//b.png> <./Fotos//Dos cargas Ig 1.jpeg> <./Fotos//Dos cargas Ig 
2.jpeg>]
<Fotos//Dos placas 2.jpeg, id=39, 722.7pt x 553.31718pt>
File: Fotos//Dos placas 2.jpeg Graphic file (type jpg)
<use Fotos//Dos placas 2.jpeg>
Package pdftex.def Info: Fotos//Dos placas 2.jpeg  used on input line 134.
(pdftex.def)             Requested size: 216.81166pt x 165.99643pt.
<Dibujos//d.png, id=40, 250.68657pt x 187.45032pt>
File: Dibujos//d.png Graphic file (type png)
<use Dibujos//d.png>
Package pdftex.def Info: Dibujos//d.png  used on input line 143.
(pdftex.def)             Requested size: 125.34297pt x 93.72491pt.


LaTeX Warning: `!h' float specifier changed to `!ht'.

[6 <./Dibujos//c.png> <./Fotos//Dos placas 1.jpeg> <./Fotos//Dos placas 2.jpeg>
]
<Fotos//Dos arillos 1.jpeg, id=45, 719.68875pt x 514.17094pt>
File: Fotos//Dos arillos 1.jpeg Graphic file (type jpg)
<use Fotos//Dos arillos 1.jpeg>
Package pdftex.def Info: Fotos//Dos arillos 1.jpeg  used on input line 152.
(pdftex.def)             Requested size: 287.87039pt x 205.66473pt.
<Fotos//Dos arillos 2.jpeg, id=46, 963.6pt x 722.7pt>
File: Fotos//Dos arillos 2.jpeg Graphic file (type jpg)
<use Fotos//Dos arillos 2.jpeg>
Package pdftex.def Info: Fotos//Dos arillos 2.jpeg  used on input line 158.
(pdftex.def)             Requested size: 289.08223pt x 216.81166pt.
<Dibujos//e.png, id=47, 392.21532pt x 368.1253pt>
File: Dibujos//e.png Graphic file (type png)
<use Dibujos//e.png>
Package pdftex.def Info: Dibujos//e.png  used on input line 167.
(pdftex.def)             Requested size: 196.10718pt x 184.0622pt.


LaTeX Warning: `!h' float specifier changed to `!ht'.

[7 <./Dibujos//d.png> <./Fotos//Dos arillos 1.jpeg> <./Fotos//Dos arillos 2.jpe
g>] [8 <./Dibujos//e.png>] (document.aux
LaTeX Info: Redefining \. on input line 8.
LaTeX Info: Redefining \% on input line 8.
) ) 
Here is how much of TeX's memory you used:
 3852 strings out of 476326
 64812 string characters out of 5787722
 1853660 words of memory out of 5000000
 24233 multiletter control sequences out of 15000+600000
 519637 words of font info for 47 fonts, out of 8000000 for 9000
 1141 hyphenation exceptions out of 8191
 57i,7n,62p,491b,365s stack positions out of 10000i,1000n,20000p,200000b,200000s
 <C:\Users\uriel\AppData\Local\MiKTeX\fonts/pk/ljfour/jknappen/ec/dpi600\ecb
x1200.pk> <C:\Users\uriel\AppData\Local\MiKTeX\fonts/pk/ljfour/jknappen/ec/dpi6
00\ecrm1000.pk> <C:\Users\uriel\AppData\Local\MiKTeX\fonts/pk/ljfour/jknappen/e
c/dpi600\ecbx1440.pk> <C:\Users\uriel\AppData\Local\MiKTeX\fonts/pk/ljfour/jkna
ppen/ec/dpi600\ecrm1200.pk> <C:\Users\uriel\AppData\Local\MiKTeX\fonts/pk/ljfou
r/jknappen/ec/dpi600\ecrm1728.pk>
Output written on document.pdf (8 pages, 1888937 bytes).
PDF statistics:
 203 PDF objects out of 1000 (max. 8388607)
 0 named destinations out of 1000 (max. 500000)
 91 words of extra memory for PDF output out of 10000 (max. 10000000)

